{"R:\\Other\\Programming\\Javascript\\CBRA-base\\src\\App.jsx": {"path":"R:\\Other\\Programming\\Javascript\\CBRA-base\\src\\App.jsx","statementMap":{"0":{"start":{"line":11,"column":12},"end":{"line":21,"column":1}},"1":{"start":{"line":12,"column":2},"end":{"line":20,"column":5}},"2":{"start":{"line":23,"column":0},"end":{"line":26,"column":2}}},"fnMap":{"0":{"name":"(anonymous_0)","decl":{"start":{"line":11,"column":12},"end":{"line":11,"column":13}},"loc":{"start":{"line":12,"column":2},"end":{"line":20,"column":5}},"line":12}},"branchMap":{},"s":{"0":0,"1":0,"2":0},"f":{"0":0},"b":{},"hash":"8a0f3fb9bb8358865299e4a6c747d95e4a721cef"}
,"R:\\Other\\Programming\\Javascript\\CBRA-base\\src\\Router.jsx": {"path":"R:\\Other\\Programming\\Javascript\\CBRA-base\\src\\Router.jsx","statementMap":{"0":{"start":{"line":14,"column":16},"end":{"line":14,"column":69}},"1":{"start":{"line":14,"column":32},"end":{"line":14,"column":56}},"2":{"start":{"line":15,"column":24},"end":{"line":15,"column":42}},"3":{"start":{"line":16,"column":18},"end":{"line":16,"column":24}},"4":{"start":{"line":17,"column":15},"end":{"line":20,"column":1}},"5":{"start":{"line":21,"column":19},"end":{"line":31,"column":1}},"6":{"start":{"line":34,"column":15},"end":{"line":48,"column":1}},"7":{"start":{"line":35,"column":2},"end":{"line":47,"column":20}},"8":{"start":{"line":43,"column":29},"end":{"line":43,"column":49}},"9":{"start":{"line":50,"column":0},"end":{"line":52,"column":2}}},"fnMap":{"0":{"name":"(anonymous_0)","decl":{"start":{"line":14,"column":26},"end":{"line":14,"column":27}},"loc":{"start":{"line":14,"column":32},"end":{"line":14,"column":56}},"line":14},"1":{"name":"(anonymous_1)","decl":{"start":{"line":34,"column":15},"end":{"line":34,"column":16}},"loc":{"start":{"line":35,"column":2},"end":{"line":47,"column":20}},"line":35},"2":{"name":"(anonymous_2)","decl":{"start":{"line":43,"column":20},"end":{"line":43,"column":21}},"loc":{"start":{"line":43,"column":29},"end":{"line":43,"column":49}},"line":43}},"branchMap":{},"s":{"0":0,"1":0,"2":0,"3":0,"4":0,"5":0,"6":0,"7":0,"8":0,"9":0},"f":{"0":0,"1":0,"2":0},"b":{},"hash":"cec2bd053f6698ccd6ca2569718f6f38d7a01d9d"}
,"R:\\Other\\Programming\\Javascript\\CBRA-base\\src\\components\\AuthWrapper.jsx": {"path":"R:\\Other\\Programming\\Javascript\\CBRA-base\\src\\components\\AuthWrapper.jsx","statementMap":{"0":{"start":{"line":11,"column":18},"end":{"line":11,"column":36}},"1":{"start":{"line":14,"column":20},"end":{"line":30,"column":1}},"2":{"start":{"line":20,"column":22},"end":{"line":20,"column":59}},"3":{"start":{"line":21,"column":2},"end":{"line":25,"column":72}},"4":{"start":{"line":22,"column":4},"end":{"line":24,"column":5}},"5":{"start":{"line":23,"column":6},"end":{"line":23,"column":24}},"6":{"start":{"line":26,"column":2},"end":{"line":28,"column":3}},"7":{"start":{"line":27,"column":4},"end":{"line":27,"column":35}},"8":{"start":{"line":29,"column":2},"end":{"line":29,"column":23}},"9":{"start":{"line":32,"column":0},"end":{"line":37,"column":2}}},"fnMap":{"0":{"name":"(anonymous_0)","decl":{"start":{"line":14,"column":20},"end":{"line":14,"column":21}},"loc":{"start":{"line":19,"column":6},"end":{"line":30,"column":1}},"line":19},"1":{"name":"(anonymous_1)","decl":{"start":{"line":21,"column":12},"end":{"line":21,"column":13}},"loc":{"start":{"line":21,"column":18},"end":{"line":25,"column":3}},"line":21}},"branchMap":{"0":{"loc":{"start":{"line":22,"column":4},"end":{"line":24,"column":5}},"type":"if","locations":[{"start":{"line":22,"column":4},"end":{"line":24,"column":5}},{"start":{"line":22,"column":4},"end":{"line":24,"column":5}}],"line":22},"1":{"loc":{"start":{"line":22,"column":8},"end":{"line":22,"column":60}},"type":"binary-expr","locations":[{"start":{"line":22,"column":8},"end":{"line":22,"column":19}},{"start":{"line":22,"column":23},"end":{"line":22,"column":35}},{"start":{"line":22,"column":39},"end":{"line":22,"column":60}}],"line":22},"2":{"loc":{"start":{"line":26,"column":2},"end":{"line":28,"column":3}},"type":"if","locations":[{"start":{"line":26,"column":2},"end":{"line":28,"column":3}},{"start":{"line":26,"column":2},"end":{"line":28,"column":3}}],"line":26}},"s":{"0":0,"1":0,"2":0,"3":0,"4":0,"5":0,"6":0,"7":0,"8":0,"9":0},"f":{"0":0,"1":0},"b":{"0":[0,0],"1":[0,0,0],"2":[0,0]},"hash":"1022ca2ec34ef10d707c20c0d1f5ac0fa2374b53"}
,"R:\\Other\\Programming\\Javascript\\CBRA-base\\src\\components\\Button.jsx": {"path":"R:\\Other\\Programming\\Javascript\\CBRA-base\\src\\components\\Button.jsx","statementMap":{"0":{"start":{"line":7,"column":18},"end":{"line":7,"column":26}},"1":{"start":{"line":11,"column":15},"end":{"line":36,"column":1}},"2":{"start":{"line":21,"column":16},"end":{"line":30,"column":3}},"3":{"start":{"line":31,"column":2},"end":{"line":35,"column":4}},"4":{"start":{"line":38,"column":0},"end":{"line":63,"column":2}},"5":{"start":{"line":46,"column":31},"end":{"line":46,"column":36}},"6":{"start":{"line":47,"column":4},"end":{"line":51,"column":5}},"7":{"start":{"line":48,"column":6},"end":{"line":50,"column":8}},"8":{"start":{"line":52,"column":4},"end":{"line":52,"column":16}},"9":{"start":{"line":55,"column":31},"end":{"line":55,"column":36}},"10":{"start":{"line":56,"column":4},"end":{"line":60,"column":5}},"11":{"start":{"line":57,"column":6},"end":{"line":59,"column":8}},"12":{"start":{"line":61,"column":4},"end":{"line":61,"column":16}},"13":{"start":{"line":65,"column":0},"end":{"line":71,"column":2}}},"fnMap":{"0":{"name":"(anonymous_0)","decl":{"start":{"line":11,"column":15},"end":{"line":11,"column":16}},"loc":{"start":{"line":20,"column":6},"end":{"line":36,"column":1}},"line":20},"1":{"name":"(anonymous_1)","decl":{"start":{"line":45,"column":12},"end":{"line":45,"column":13}},"loc":{"start":{"line":45,"column":48},"end":{"line":53,"column":3}},"line":45},"2":{"name":"(anonymous_2)","decl":{"start":{"line":54,"column":8},"end":{"line":54,"column":9}},"loc":{"start":{"line":54,"column":44},"end":{"line":62,"column":3}},"line":54}},"branchMap":{"0":{"loc":{"start":{"line":22,"column":13},"end":{"line":22,"column":54}},"type":"cond-expr","locations":[{"start":{"line":22,"column":34},"end":{"line":22,"column":45}},{"start":{"line":22,"column":48},"end":{"line":22,"column":54}}],"line":22},"1":{"loc":{"start":{"line":23,"column":11},"end":{"line":23,"column":55}},"type":"cond-expr","locations":[{"start":{"line":23,"column":32},"end":{"line":23,"column":41}},{"start":{"line":23,"column":44},"end":{"line":23,"column":55}}],"line":23},"2":{"loc":{"start":{"line":28,"column":8},"end":{"line":28,"column":51}},"type":"binary-expr","locations":[{"start":{"line":28,"column":8},"end":{"line":28,"column":12}},{"start":{"line":28,"column":16},"end":{"line":28,"column":51}}],"line":28},"3":{"loc":{"start":{"line":33,"column":7},"end":{"line":33,"column":23}},"type":"binary-expr","locations":[{"start":{"line":33,"column":7},"end":{"line":33,"column":11}},{"start":{"line":33,"column":15},"end":{"line":33,"column":23}}],"line":33},"4":{"loc":{"start":{"line":47,"column":4},"end":{"line":51,"column":5}},"type":"if","locations":[{"start":{"line":47,"column":4},"end":{"line":51,"column":5}},{"start":{"line":47,"column":4},"end":{"line":51,"column":5}}],"line":47},"5":{"loc":{"start":{"line":47,"column":8},"end":{"line":47,"column":26}},"type":"binary-expr","locations":[{"start":{"line":47,"column":8},"end":{"line":47,"column":17}},{"start":{"line":47,"column":21},"end":{"line":47,"column":26}}],"line":47},"6":{"loc":{"start":{"line":56,"column":4},"end":{"line":60,"column":5}},"type":"if","locations":[{"start":{"line":56,"column":4},"end":{"line":60,"column":5}},{"start":{"line":56,"column":4},"end":{"line":60,"column":5}}],"line":56},"7":{"loc":{"start":{"line":56,"column":8},"end":{"line":56,"column":26}},"type":"binary-expr","locations":[{"start":{"line":56,"column":8},"end":{"line":56,"column":17}},{"start":{"line":56,"column":21},"end":{"line":56,"column":26}}],"line":56}},"s":{"0":5,"1":5,"2":7,"3":7,"4":5,"5":8,"6":8,"7":0,"8":8,"9":8,"10":8,"11":0,"12":8,"13":5},"f":{"0":7,"1":8,"2":8},"b":{"0":[7,0],"1":[7,0],"2":[7,2],"3":[7,1],"4":[0,8],"5":[8,6],"6":[0,8],"7":[8,6]},"_coverageSchema":"43e27e138ebf9cfc5966b082cf9a028302ed4184","hash":"f37237305837558654ec38d1e1b3de442de805c1"}
,"R:\\Other\\Programming\\Javascript\\CBRA-base\\src\\components\\ErrorBoundary.jsx": {"path":"R:\\Other\\Programming\\Javascript\\CBRA-base\\src\\components\\ErrorBoundary.jsx","statementMap":{"0":{"start":{"line":11,"column":18},"end":{"line":11,"column":34}},"1":{"start":{"line":12,"column":21},"end":{"line":12,"column":26}},"2":{"start":{"line":15,"column":21},"end":{"line":17,"column":3}},"3":{"start":{"line":19,"column":10},"end":{"line":21,"column":3}},"4":{"start":{"line":25,"column":4},"end":{"line":29,"column":7}},"5":{"start":{"line":33,"column":38},"end":{"line":33,"column":48}},"6":{"start":{"line":34,"column":25},"end":{"line":34,"column":35}},"7":{"start":{"line":35,"column":4},"end":{"line":50,"column":5}},"8":{"start":{"line":36,"column":6},"end":{"line":36,"column":57}},"9":{"start":{"line":37,"column":6},"end":{"line":42,"column":8}},"10":{"start":{"line":43,"column":6},"end":{"line":49,"column":8}},"11":{"start":{"line":51,"column":4},"end":{"line":51,"column":20}}},"fnMap":{"0":{"name":"(anonymous_0)","decl":{"start":{"line":24,"column":2},"end":{"line":24,"column":3}},"loc":{"start":{"line":24,"column":33},"end":{"line":30,"column":3}},"line":24},"1":{"name":"(anonymous_1)","decl":{"start":{"line":32,"column":2},"end":{"line":32,"column":3}},"loc":{"start":{"line":32,"column":11},"end":{"line":52,"column":3}},"line":32}},"branchMap":{"0":{"loc":{"start":{"line":35,"column":4},"end":{"line":50,"column":5}},"type":"if","locations":[{"start":{"line":35,"column":4},"end":{"line":50,"column":5}},{"start":{"line":35,"column":4},"end":{"line":50,"column":5}}],"line":35}},"s":{"0":5,"1":5,"2":5,"3":7,"4":0,"5":8,"6":8,"7":8,"8":0,"9":0,"10":0,"11":8},"f":{"0":0,"1":8},"b":{"0":[0,8]},"_coverageSchema":"43e27e138ebf9cfc5966b082cf9a028302ed4184","hash":"d25ed704c5adf6d6fc38fa2d5f3d9a20abdf82cf"}
,"R:\\Other\\Programming\\Javascript\\CBRA-base\\src\\components\\IconButton.jsx": {"path":"R:\\Other\\Programming\\Javascript\\CBRA-base\\src\\components\\IconButton.jsx","statementMap":{"0":{"start":{"line":9,"column":18},"end":{"line":9,"column":30}},"1":{"start":{"line":14,"column":19},"end":{"line":38,"column":1}},"2":{"start":{"line":22,"column":16},"end":{"line":27,"column":3}},"3":{"start":{"line":28,"column":2},"end":{"line":37,"column":4}},"4":{"start":{"line":40,"column":0},"end":{"line":46,"column":2}},"5":{"start":{"line":48,"column":0},"end":{"line":52,"column":2}}},"fnMap":{"0":{"name":"(anonymous_0)","decl":{"start":{"line":14,"column":19},"end":{"line":14,"column":20}},"loc":{"start":{"line":21,"column":6},"end":{"line":38,"column":1}},"line":21}},"branchMap":{"0":{"loc":{"start":{"line":23,"column":11},"end":{"line":23,"column":44}},"type":"cond-expr","locations":[{"start":{"line":23,"column":21},"end":{"line":23,"column":30}},{"start":{"line":23,"column":33},"end":{"line":23,"column":44}}],"line":23},"1":{"loc":{"start":{"line":32,"column":20},"end":{"line":32,"column":52}},"type":"cond-expr","locations":[{"start":{"line":32,"column":32},"end":{"line":32,"column":47}},{"start":{"line":32,"column":50},"end":{"line":32,"column":52}}],"line":32}},"s":{"0":3,"1":3,"2":12,"3":12,"4":3,"5":3},"f":{"0":12},"b":{"0":[9,3],"1":[6,6]},"_coverageSchema":"43e27e138ebf9cfc5966b082cf9a028302ed4184","hash":"9d4d902194ae5d05a9db22604400d94c277fa8bb"}
,"R:\\Other\\Programming\\Javascript\\CBRA-base\\src\\components\\Loading.jsx": {"path":"R:\\Other\\Programming\\Javascript\\CBRA-base\\src\\components\\Loading.jsx","statementMap":{"0":{"start":{"line":6,"column":18},"end":{"line":6,"column":27}},"1":{"start":{"line":9,"column":16},"end":{"line":26,"column":1}},"2":{"start":{"line":10,"column":2},"end":{"line":25,"column":8}},"3":{"start":{"line":28,"column":0},"end":{"line":32,"column":2}},"4":{"start":{"line":34,"column":0},"end":{"line":37,"column":2}}},"fnMap":{"0":{"name":"(anonymous_0)","decl":{"start":{"line":9,"column":16},"end":{"line":9,"column":17}},"loc":{"start":{"line":10,"column":2},"end":{"line":25,"column":8}},"line":10}},"branchMap":{"0":{"loc":{"start":{"line":12,"column":30},"end":{"line":12,"column":49}},"type":"cond-expr","locations":[{"start":{"line":12,"column":37},"end":{"line":12,"column":44}},{"start":{"line":12,"column":47},"end":{"line":12,"column":49}}],"line":12},"1":{"loc":{"start":{"line":24,"column":18},"end":{"line":24,"column":40}},"type":"cond-expr","locations":[{"start":{"line":24,"column":25},"end":{"line":24,"column":35}},{"start":{"line":24,"column":38},"end":{"line":24,"column":40}}],"line":24}},"s":{"0":4,"1":4,"2":6,"3":4,"4":4},"f":{"0":6},"b":{"0":[1,5],"1":[1,5]},"_coverageSchema":"43e27e138ebf9cfc5966b082cf9a028302ed4184","hash":"5848a3340adfe0df6d97e2989d33367203d81d5b"}
,"R:\\Other\\Programming\\Javascript\\CBRA-base\\src\\components\\Overlay.jsx": {"path":"R:\\Other\\Programming\\Javascript\\CBRA-base\\src\\components\\Overlay.jsx","statementMap":{"0":{"start":{"line":10,"column":18},"end":{"line":10,"column":27}},"1":{"start":{"line":13,"column":16},"end":{"line":22,"column":1}},"2":{"start":{"line":14,"column":2},"end":{"line":21,"column":5}},"3":{"start":{"line":23,"column":0},"end":{"line":25,"column":2}}},"fnMap":{"0":{"name":"(anonymous_0)","decl":{"start":{"line":13,"column":16},"end":{"line":13,"column":17}},"loc":{"start":{"line":14,"column":2},"end":{"line":21,"column":5}},"line":14}},"branchMap":{"0":{"loc":{"start":{"line":15,"column":5},"end":{"line":19,"column":5}},"type":"binary-expr","locations":[{"start":{"line":15,"column":5},"end":{"line":15,"column":11}},{"start":{"line":16,"column":6},"end":{"line":18,"column":12}}],"line":15},"1":{"loc":{"start":{"line":20,"column":5},"end":{"line":20,"column":20}},"type":"binary-expr","locations":[{"start":{"line":20,"column":5},"end":{"line":20,"column":12}},{"start":{"line":20,"column":16},"end":{"line":20,"column":20}}],"line":20}},"s":{"0":3,"1":3,"2":4,"3":3},"f":{"0":4},"b":{"0":[4,2],"1":[4,2]},"_coverageSchema":"43e27e138ebf9cfc5966b082cf9a028302ed4184","hash":"4164f0b92d73de6f385c1239bd1899edc662f7f6"}
,"R:\\Other\\Programming\\Javascript\\CBRA-base\\src\\components\\Page.jsx": {"path":"R:\\Other\\Programming\\Javascript\\CBRA-base\\src\\components\\Page.jsx","statementMap":{"0":{"start":{"line":11,"column":18},"end":{"line":11,"column":24}},"1":{"start":{"line":12,"column":16},"end":{"line":12,"column":18}},"2":{"start":{"line":15,"column":13},"end":{"line":65,"column":1}},"3":{"start":{"line":16,"column":17},"end":{"line":62,"column":3}},"4":{"start":{"line":17,"column":41},"end":{"line":17,"column":52}},"5":{"start":{"line":18,"column":41},"end":{"line":18,"column":52}},"6":{"start":{"line":19,"column":22},"end":{"line":19,"column":36}},"7":{"start":{"line":20,"column":20},"end":{"line":20,"column":34}},"8":{"start":{"line":22,"column":26},"end":{"line":32,"column":5}},"9":{"start":{"line":23,"column":6},"end":{"line":31,"column":7}},"10":{"start":{"line":24,"column":27},"end":{"line":24,"column":60}},"11":{"start":{"line":25,"column":29},"end":{"line":25,"column":64}},"12":{"start":{"line":26,"column":30},"end":{"line":26,"column":55}},"13":{"start":{"line":27,"column":8},"end":{"line":30,"column":9}},"14":{"start":{"line":28,"column":10},"end":{"line":28,"column":41}},"15":{"start":{"line":29,"column":10},"end":{"line":29,"column":40}},"16":{"start":{"line":34,"column":4},"end":{"line":42,"column":7}},"17":{"start":{"line":35,"column":6},"end":{"line":38,"column":7}},"18":{"start":{"line":36,"column":8},"end":{"line":36,"column":24}},"19":{"start":{"line":37,"column":8},"end":{"line":37,"column":57}},"20":{"start":{"line":39,"column":6},"end":{"line":41,"column":8}},"21":{"start":{"line":40,"column":8},"end":{"line":40,"column":60}},"22":{"start":{"line":44,"column":4},"end":{"line":61,"column":6}},"23":{"start":{"line":57,"column":34},"end":{"line":57,"column":79}},"24":{"start":{"line":64,"column":2},"end":{"line":64,"column":16}},"25":{"start":{"line":67,"column":0},"end":{"line":71,"column":2}},"26":{"start":{"line":73,"column":0},"end":{"line":75,"column":2}}},"fnMap":{"0":{"name":"(anonymous_0)","decl":{"start":{"line":15,"column":13},"end":{"line":15,"column":14}},"loc":{"start":{"line":15,"column":59},"end":{"line":65,"column":1}},"line":15},"1":{"name":"(anonymous_1)","decl":{"start":{"line":16,"column":17},"end":{"line":16,"column":18}},"loc":{"start":{"line":16,"column":23},"end":{"line":62,"column":3}},"line":16},"2":{"name":"(anonymous_2)","decl":{"start":{"line":22,"column":26},"end":{"line":22,"column":27}},"loc":{"start":{"line":22,"column":32},"end":{"line":32,"column":5}},"line":22},"3":{"name":"(anonymous_3)","decl":{"start":{"line":34,"column":14},"end":{"line":34,"column":15}},"loc":{"start":{"line":34,"column":20},"end":{"line":42,"column":5}},"line":34},"4":{"name":"(anonymous_4)","decl":{"start":{"line":39,"column":13},"end":{"line":39,"column":14}},"loc":{"start":{"line":39,"column":19},"end":{"line":41,"column":7}},"line":39},"5":{"name":"(anonymous_5)","decl":{"start":{"line":57,"column":18},"end":{"line":57,"column":19}},"loc":{"start":{"line":57,"column":34},"end":{"line":57,"column":79}},"line":57}},"branchMap":{"0":{"loc":{"start":{"line":23,"column":6},"end":{"line":31,"column":7}},"type":"if","locations":[{"start":{"line":23,"column":6},"end":{"line":31,"column":7}},{"start":{"line":23,"column":6},"end":{"line":31,"column":7}}],"line":23},"1":{"loc":{"start":{"line":23,"column":10},"end":{"line":23,"column":46}},"type":"binary-expr","locations":[{"start":{"line":23,"column":10},"end":{"line":23,"column":25}},{"start":{"line":23,"column":29},"end":{"line":23,"column":46}}],"line":23},"2":{"loc":{"start":{"line":24,"column":27},"end":{"line":24,"column":60}},"type":"binary-expr","locations":[{"start":{"line":24,"column":27},"end":{"line":24,"column":55}},{"start":{"line":24,"column":59},"end":{"line":24,"column":60}}],"line":24},"3":{"loc":{"start":{"line":25,"column":29},"end":{"line":25,"column":64}},"type":"binary-expr","locations":[{"start":{"line":25,"column":29},"end":{"line":25,"column":59}},{"start":{"line":25,"column":63},"end":{"line":25,"column":64}}],"line":25},"4":{"loc":{"start":{"line":27,"column":8},"end":{"line":30,"column":9}},"type":"if","locations":[{"start":{"line":27,"column":8},"end":{"line":30,"column":9}},{"start":{"line":27,"column":8},"end":{"line":30,"column":9}}],"line":27},"5":{"loc":{"start":{"line":35,"column":6},"end":{"line":38,"column":7}},"type":"if","locations":[{"start":{"line":35,"column":6},"end":{"line":38,"column":7}},{"start":{"line":35,"column":6},"end":{"line":38,"column":7}}],"line":35},"6":{"loc":{"start":{"line":35,"column":10},"end":{"line":35,"column":46}},"type":"binary-expr","locations":[{"start":{"line":35,"column":10},"end":{"line":35,"column":25}},{"start":{"line":35,"column":29},"end":{"line":35,"column":46}}],"line":35}},"s":{"0":2,"1":2,"2":2,"3":0,"4":0,"5":0,"6":0,"7":0,"8":0,"9":0,"10":0,"11":0,"12":0,"13":0,"14":0,"15":0,"16":0,"17":0,"18":0,"19":0,"20":0,"21":0,"22":0,"23":0,"24":0,"25":2,"26":2},"f":{"0":0,"1":0,"2":0,"3":0,"4":0,"5":0},"b":{"0":[0,0],"1":[0,0],"2":[0,0],"3":[0,0],"4":[0,0],"5":[0,0],"6":[0,0]},"_coverageSchema":"43e27e138ebf9cfc5966b082cf9a028302ed4184","hash":"5945bba440bbe366d8e25acfea6ae862995bb33c"}
,"R:\\Other\\Programming\\Javascript\\CBRA-base\\src\\components\\Panel.jsx": {"path":"R:\\Other\\Programming\\Javascript\\CBRA-base\\src\\components\\Panel.jsx","statementMap":{"0":{"start":{"line":9,"column":18},"end":{"line":9,"column":25}},"1":{"start":{"line":12,"column":14},"end":{"line":31,"column":1}},"2":{"start":{"line":13,"column":2},"end":{"line":30,"column":18}},"3":{"start":{"line":33,"column":0},"end":{"line":55,"column":2}},"4":{"start":{"line":36,"column":42},"end":{"line":36,"column":47}},"5":{"start":{"line":37,"column":4},"end":{"line":41,"column":5}},"6":{"start":{"line":38,"column":6},"end":{"line":40,"column":8}},"7":{"start":{"line":42,"column":4},"end":{"line":42,"column":16}},"8":{"start":{"line":45,"column":42},"end":{"line":45,"column":47}},"9":{"start":{"line":46,"column":4},"end":{"line":50,"column":5}},"10":{"start":{"line":47,"column":6},"end":{"line":49,"column":8}},"11":{"start":{"line":51,"column":4},"end":{"line":51,"column":16}}},"fnMap":{"0":{"name":"(anonymous_0)","decl":{"start":{"line":12,"column":14},"end":{"line":12,"column":15}},"loc":{"start":{"line":13,"column":2},"end":{"line":30,"column":18}},"line":13},"1":{"name":"(anonymous_1)","decl":{"start":{"line":35,"column":10},"end":{"line":35,"column":11}},"loc":{"start":{"line":35,"column":46},"end":{"line":43,"column":3}},"line":35},"2":{"name":"(anonymous_2)","decl":{"start":{"line":44,"column":12},"end":{"line":44,"column":13}},"loc":{"start":{"line":44,"column":48},"end":{"line":52,"column":3}},"line":44}},"branchMap":{"0":{"loc":{"start":{"line":16,"column":20},"end":{"line":16,"column":52}},"type":"cond-expr","locations":[{"start":{"line":16,"column":32},"end":{"line":16,"column":47}},{"start":{"line":16,"column":50},"end":{"line":16,"column":52}}],"line":16},"1":{"loc":{"start":{"line":17,"column":8},"end":{"line":17,"column":42}},"type":"cond-expr","locations":[{"start":{"line":17,"column":21},"end":{"line":17,"column":37}},{"start":{"line":17,"column":40},"end":{"line":17,"column":42}}],"line":17},"2":{"loc":{"start":{"line":20,"column":7},"end":{"line":22,"column":7}},"type":"binary-expr","locations":[{"start":{"line":20,"column":7},"end":{"line":20,"column":32}},{"start":{"line":21,"column":8},"end":{"line":21,"column":59}}],"line":20},"3":{"loc":{"start":{"line":23,"column":7},"end":{"line":25,"column":7}},"type":"binary-expr","locations":[{"start":{"line":23,"column":7},"end":{"line":23,"column":32}},{"start":{"line":24,"column":8},"end":{"line":24,"column":61}}],"line":23},"4":{"loc":{"start":{"line":27,"column":9},"end":{"line":27,"column":71}},"type":"binary-expr","locations":[{"start":{"line":27,"column":9},"end":{"line":27,"column":17}},{"start":{"line":27,"column":21},"end":{"line":27,"column":71}}],"line":27},"5":{"loc":{"start":{"line":27,"column":31},"end":{"line":27,"column":68}},"type":"cond-expr","locations":[{"start":{"line":27,"column":43},"end":{"line":27,"column":63}},{"start":{"line":27,"column":66},"end":{"line":27,"column":68}}],"line":27},"6":{"loc":{"start":{"line":37,"column":4},"end":{"line":41,"column":5}},"type":"if","locations":[{"start":{"line":37,"column":4},"end":{"line":41,"column":5}},{"start":{"line":37,"column":4},"end":{"line":41,"column":5}}],"line":37},"7":{"loc":{"start":{"line":37,"column":8},"end":{"line":37,"column":40}},"type":"binary-expr","locations":[{"start":{"line":37,"column":8},"end":{"line":37,"column":17}},{"start":{"line":37,"column":21},"end":{"line":37,"column":29}},{"start":{"line":37,"column":33},"end":{"line":37,"column":40}}],"line":37},"8":{"loc":{"start":{"line":46,"column":4},"end":{"line":50,"column":5}},"type":"if","locations":[{"start":{"line":46,"column":4},"end":{"line":50,"column":5}},{"start":{"line":46,"column":4},"end":{"line":50,"column":5}}],"line":46},"9":{"loc":{"start":{"line":46,"column":8},"end":{"line":46,"column":40}},"type":"binary-expr","locations":[{"start":{"line":46,"column":8},"end":{"line":46,"column":17}},{"start":{"line":46,"column":21},"end":{"line":46,"column":29}},{"start":{"line":46,"column":33},"end":{"line":46,"column":40}}],"line":46}},"s":{"0":3,"1":3,"2":1,"3":3,"4":1,"5":1,"6":0,"7":1,"8":1,"9":1,"10":0,"11":1},"f":{"0":1,"1":1,"2":1},"b":{"0":[1,0],"1":[0,1],"2":[1,1],"3":[1,0],"4":[1,0],"5":[0,0],"6":[0,1],"7":[1,0,0],"8":[0,1],"9":[1,0,0]},"_coverageSchema":"43e27e138ebf9cfc5966b082cf9a028302ed4184","hash":"8301d835a0b4153e0f8d90278607efbfae2fefa2"}
,"R:\\Other\\Programming\\Javascript\\CBRA-base\\src\\components\\Snackbar.jsx": {"path":"R:\\Other\\Programming\\Javascript\\CBRA-base\\src\\components\\Snackbar.jsx","statementMap":{"0":{"start":{"line":12,"column":18},"end":{"line":12,"column":28}},"1":{"start":{"line":15,"column":17},"end":{"line":43,"column":1}},"2":{"start":{"line":16,"column":15},"end":{"line":16,"column":42}},"3":{"start":{"line":17,"column":14},"end":{"line":17,"column":40}},"4":{"start":{"line":18,"column":16},"end":{"line":18,"column":44}},"5":{"start":{"line":19,"column":2},"end":{"line":42,"column":4}},"6":{"start":{"line":45,"column":0},"end":{"line":48,"column":2}}},"fnMap":{"0":{"name":"(anonymous_0)","decl":{"start":{"line":15,"column":17},"end":{"line":15,"column":18}},"loc":{"start":{"line":15,"column":55},"end":{"line":43,"column":1}},"line":15}},"branchMap":{"0":{"loc":{"start":{"line":16,"column":15},"end":{"line":16,"column":42}},"type":"binary-expr","locations":[{"start":{"line":16,"column":15},"end":{"line":16,"column":34}},{"start":{"line":16,"column":38},"end":{"line":16,"column":42}}],"line":16},"1":{"loc":{"start":{"line":17,"column":14},"end":{"line":17,"column":40}},"type":"binary-expr","locations":[{"start":{"line":17,"column":14},"end":{"line":17,"column":32}},{"start":{"line":17,"column":36},"end":{"line":17,"column":40}}],"line":17},"2":{"loc":{"start":{"line":18,"column":16},"end":{"line":18,"column":44}},"type":"binary-expr","locations":[{"start":{"line":18,"column":16},"end":{"line":18,"column":36}},{"start":{"line":18,"column":40},"end":{"line":18,"column":44}}],"line":18}},"s":{"0":3,"1":3,"2":2,"3":2,"4":2,"5":2,"6":3},"f":{"0":2},"b":{"0":[2,1],"1":[2,1],"2":[2,1]},"_coverageSchema":"43e27e138ebf9cfc5966b082cf9a028302ed4184","hash":"9ec1dcc2cfb6b70e55a86e1e65ef4889f0ad37a5"}
,"R:\\Other\\Programming\\Javascript\\CBRA-base\\src\\components\\TextField.jsx": {"path":"R:\\Other\\Programming\\Javascript\\CBRA-base\\src\\components\\TextField.jsx","statementMap":{"0":{"start":{"line":7,"column":18},"end":{"line":7,"column":29}},"1":{"start":{"line":10,"column":18},"end":{"line":20,"column":1}},"2":{"start":{"line":11,"column":2},"end":{"line":19,"column":4}},"3":{"start":{"line":22,"column":0},"end":{"line":26,"column":2}},"4":{"start":{"line":28,"column":0},"end":{"line":30,"column":2}}},"fnMap":{"0":{"name":"(anonymous_0)","decl":{"start":{"line":10,"column":18},"end":{"line":10,"column":19}},"loc":{"start":{"line":11,"column":2},"end":{"line":19,"column":4}},"line":11}},"branchMap":{"0":{"loc":{"start":{"line":13,"column":18},"end":{"line":13,"column":50}},"type":"cond-expr","locations":[{"start":{"line":13,"column":30},"end":{"line":13,"column":45}},{"start":{"line":13,"column":48},"end":{"line":13,"column":50}}],"line":13}},"s":{"0":5,"1":5,"2":6,"3":5,"4":5},"f":{"0":6},"b":{"0":[2,4]},"_coverageSchema":"43e27e138ebf9cfc5966b082cf9a028302ed4184","hash":"5493428b47e9cd42bc64af839e575bd8d37fa044"}
,"R:\\Other\\Programming\\Javascript\\CBRA-base\\src\\components\\Theme.jsx": {"path":"R:\\Other\\Programming\\Javascript\\CBRA-base\\src\\components\\Theme.jsx","statementMap":{"0":{"start":{"line":14,"column":15},"end":{"line":14,"column":31}},"1":{"start":{"line":17,"column":14},"end":{"line":61,"column":2}},"2":{"start":{"line":64,"column":20},"end":{"line":71,"column":1}},"3":{"start":{"line":65,"column":19},"end":{"line":65,"column":29}},"4":{"start":{"line":68,"column":6},"end":{"line":68,"column":14}},"5":{"start":{"line":70,"column":2},"end":{"line":70,"column":40}},"6":{"start":{"line":74,"column":17},"end":{"line":76,"column":1}},"7":{"start":{"line":75,"column":2},"end":{"line":75,"column":57}},"8":{"start":{"line":78,"column":0},"end":{"line":80,"column":2}}},"fnMap":{"0":{"name":"(anonymous_0)","decl":{"start":{"line":64,"column":20},"end":{"line":64,"column":21}},"loc":{"start":{"line":64,"column":26},"end":{"line":71,"column":1}},"line":64},"1":{"name":"(anonymous_1)","decl":{"start":{"line":74,"column":17},"end":{"line":74,"column":18}},"loc":{"start":{"line":75,"column":2},"end":{"line":75,"column":57}},"line":75}},"branchMap":{},"s":{"0":2,"1":2,"2":2,"3":0,"4":0,"5":0,"6":2,"7":0,"8":2},"f":{"0":0,"1":0},"b":{},"_coverageSchema":"43e27e138ebf9cfc5966b082cf9a028302ed4184","hash":"56079feecadc5c745aef36e4d458a9cfcf4e4c51"}
,"R:\\Other\\Programming\\Javascript\\CBRA-base\\src\\components\\page\\PageContent.jsx": {"path":"R:\\Other\\Programming\\Javascript\\CBRA-base\\src\\components\\page\\PageContent.jsx","statementMap":{"0":{"start":{"line":10,"column":18},"end":{"line":10,"column":24}},"1":{"start":{"line":13,"column":20},"end":{"line":23,"column":1}},"2":{"start":{"line":14,"column":2},"end":{"line":22,"column":8}},"3":{"start":{"line":25,"column":0},"end":{"line":31,"column":2}}},"fnMap":{"0":{"name":"(anonymous_0)","decl":{"start":{"line":13,"column":20},"end":{"line":13,"column":21}},"loc":{"start":{"line":14,"column":2},"end":{"line":22,"column":8}},"line":14}},"branchMap":{},"s":{"0":2,"1":2,"2":0,"3":2},"f":{"0":0},"b":{},"_coverageSchema":"43e27e138ebf9cfc5966b082cf9a028302ed4184","hash":"77954b81f323fc132ab073caa9312b0a7d83c16a"}
,"R:\\Other\\Programming\\Javascript\\CBRA-base\\src\\components\\page\\PageHeader.jsx": {"path":"R:\\Other\\Programming\\Javascript\\CBRA-base\\src\\components\\page\\PageHeader.jsx","statementMap":{"0":{"start":{"line":7,"column":18},"end":{"line":7,"column":26}},"1":{"start":{"line":10,"column":19},"end":{"line":58,"column":1}},"2":{"start":{"line":20,"column":39},"end":{"line":20,"column":54}},"3":{"start":{"line":21,"column":31},"end":{"line":25,"column":3}},"4":{"start":{"line":22,"column":4},"end":{"line":24,"column":5}},"5":{"start":{"line":23,"column":6},"end":{"line":23,"column":26}},"6":{"start":{"line":26,"column":24},"end":{"line":30,"column":3}},"7":{"start":{"line":27,"column":4},"end":{"line":29,"column":5}},"8":{"start":{"line":28,"column":6},"end":{"line":28,"column":15}},"9":{"start":{"line":31,"column":2},"end":{"line":57,"column":4}},"10":{"start":{"line":36,"column":30},"end":{"line":36,"column":56}},"11":{"start":{"line":37,"column":30},"end":{"line":37,"column":57}},"12":{"start":{"line":38,"column":25},"end":{"line":38,"column":40}},"13":{"start":{"line":60,"column":0},"end":{"line":69,"column":2}}},"fnMap":{"0":{"name":"(anonymous_0)","decl":{"start":{"line":10,"column":19},"end":{"line":10,"column":20}},"loc":{"start":{"line":19,"column":6},"end":{"line":58,"column":1}},"line":19},"1":{"name":"(anonymous_1)","decl":{"start":{"line":21,"column":31},"end":{"line":21,"column":32}},"loc":{"start":{"line":21,"column":38},"end":{"line":25,"column":3}},"line":21},"2":{"name":"(anonymous_2)","decl":{"start":{"line":26,"column":24},"end":{"line":26,"column":25}},"loc":{"start":{"line":26,"column":30},"end":{"line":30,"column":3}},"line":26},"3":{"name":"(anonymous_3)","decl":{"start":{"line":36,"column":24},"end":{"line":36,"column":25}},"loc":{"start":{"line":36,"column":30},"end":{"line":36,"column":56}},"line":36},"4":{"name":"(anonymous_4)","decl":{"start":{"line":37,"column":24},"end":{"line":37,"column":25}},"loc":{"start":{"line":37,"column":30},"end":{"line":37,"column":57}},"line":37},"5":{"name":"(anonymous_5)","decl":{"start":{"line":38,"column":19},"end":{"line":38,"column":20}},"loc":{"start":{"line":38,"column":25},"end":{"line":38,"column":40}},"line":38}},"branchMap":{"0":{"loc":{"start":{"line":22,"column":4},"end":{"line":24,"column":5}},"type":"if","locations":[{"start":{"line":22,"column":4},"end":{"line":24,"column":5}},{"start":{"line":22,"column":4},"end":{"line":24,"column":5}}],"line":22},"1":{"loc":{"start":{"line":27,"column":4},"end":{"line":29,"column":5}},"type":"if","locations":[{"start":{"line":27,"column":4},"end":{"line":29,"column":5}},{"start":{"line":27,"column":4},"end":{"line":29,"column":5}}],"line":27},"2":{"loc":{"start":{"line":33,"column":7},"end":{"line":54,"column":7}},"type":"binary-expr","locations":[{"start":{"line":33,"column":7},"end":{"line":33,"column":12}},{"start":{"line":34,"column":8},"end":{"line":53,"column":17}}],"line":33},"3":{"loc":{"start":{"line":40,"column":12},"end":{"line":40,"column":37}},"type":"cond-expr","locations":[{"start":{"line":40,"column":25},"end":{"line":40,"column":32}},{"start":{"line":40,"column":35},"end":{"line":40,"column":37}}],"line":40}},"s":{"0":2,"1":2,"2":0,"3":0,"4":0,"5":0,"6":0,"7":0,"8":0,"9":0,"10":0,"11":0,"12":0,"13":2},"f":{"0":0,"1":0,"2":0,"3":0,"4":0,"5":0},"b":{"0":[0,0],"1":[0,0],"2":[0,0],"3":[0,0]},"_coverageSchema":"43e27e138ebf9cfc5966b082cf9a028302ed4184","hash":"5bf9614af8c88afa4303043d6c086aa289a82d31"}
,"R:\\Other\\Programming\\Javascript\\CBRA-base\\src\\components\\page\\StoriesRenderPage.jsx": {"path":"R:\\Other\\Programming\\Javascript\\CBRA-base\\src\\components\\page\\StoriesRenderPage.jsx","statementMap":{"0":{"start":{"line":6,"column":26},"end":{"line":10,"column":1}},"1":{"start":{"line":7,"column":2},"end":{"line":9,"column":8}}},"fnMap":{"0":{"name":"(anonymous_0)","decl":{"start":{"line":6,"column":26},"end":{"line":6,"column":27}},"loc":{"start":{"line":7,"column":2},"end":{"line":9,"column":8}},"line":7}},"branchMap":{},"s":{"0":0,"1":0},"f":{"0":0},"b":{},"hash":"fc1d380c0a6d24ae8faa3b159e69679d902c7c83"}
,"R:\\Other\\Programming\\Javascript\\CBRA-base\\src\\pages\\Login.jsx": {"path":"R:\\Other\\Programming\\Javascript\\CBRA-base\\src\\pages\\Login.jsx","statementMap":{"0":{"start":{"line":12,"column":18},"end":{"line":12,"column":25}},"1":{"start":{"line":13,"column":16},"end":{"line":13,"column":34}},"2":{"start":{"line":16,"column":14},"end":{"line":50,"column":1}},"3":{"start":{"line":17,"column":20},"end":{"line":20,"column":3}},"4":{"start":{"line":18,"column":10},"end":{"line":18,"column":62}},"5":{"start":{"line":22,"column":2},"end":{"line":29,"column":4}},"6":{"start":{"line":23,"column":10},"end":{"line":27,"column":5}},"7":{"start":{"line":24,"column":6},"end":{"line":26,"column":7}},"8":{"start":{"line":25,"column":8},"end":{"line":25,"column":22}},"9":{"start":{"line":30,"column":2},"end":{"line":32,"column":3}},"10":{"start":{"line":31,"column":4},"end":{"line":31,"column":33}},"11":{"start":{"line":33,"column":2},"end":{"line":49,"column":4}},"12":{"start":{"line":52,"column":0},"end":{"line":57,"column":2}}},"fnMap":{"0":{"name":"(anonymous_0)","decl":{"start":{"line":16,"column":14},"end":{"line":16,"column":15}},"loc":{"start":{"line":16,"column":75},"end":{"line":50,"column":1}},"line":16},"1":{"name":"(anonymous_1)","decl":{"start":{"line":18,"column":4},"end":{"line":18,"column":5}},"loc":{"start":{"line":18,"column":10},"end":{"line":18,"column":62}},"line":18},"2":{"name":"(anonymous_2)","decl":{"start":{"line":23,"column":4},"end":{"line":23,"column":5}},"loc":{"start":{"line":23,"column":10},"end":{"line":27,"column":5}},"line":23},"3":{"name":"(anonymous_3)","decl":{"start":{"line":23,"column":10},"end":{"line":23,"column":11}},"loc":{"start":{"line":23,"column":16},"end":{"line":27,"column":5}},"line":23}},"branchMap":{"0":{"loc":{"start":{"line":18,"column":10},"end":{"line":18,"column":62}},"type":"binary-expr","locations":[{"start":{"line":18,"column":10},"end":{"line":18,"column":21}},{"start":{"line":18,"column":25},"end":{"line":18,"column":62}}],"line":18},"1":{"loc":{"start":{"line":24,"column":6},"end":{"line":26,"column":7}},"type":"if","locations":[{"start":{"line":24,"column":6},"end":{"line":26,"column":7}},{"start":{"line":24,"column":6},"end":{"line":26,"column":7}}],"line":24},"2":{"loc":{"start":{"line":30,"column":2},"end":{"line":32,"column":3}},"type":"if","locations":[{"start":{"line":30,"column":2},"end":{"line":32,"column":3}},{"start":{"line":30,"column":2},"end":{"line":32,"column":3}}],"line":30},"3":{"loc":{"start":{"line":44,"column":16},"end":{"line":44,"column":68}},"type":"cond-expr","locations":[{"start":{"line":44,"column":33},"end":{"line":44,"column":53}},{"start":{"line":44,"column":56},"end":{"line":44,"column":68}}],"line":44}},"s":{"0":1,"1":1,"2":1,"3":2,"4":2,"5":2,"6":2,"7":2,"8":0,"9":2,"10":0,"11":2,"12":1},"f":{"0":2,"1":2,"2":2,"3":2},"b":{"0":[2,0],"1":[0,2],"2":[0,2],"3":[0,2]},"_coverageSchema":"43e27e138ebf9cfc5966b082cf9a028302ed4184","hash":"a6b46fde374bde8c62fdf44827f86a316de54e42"}
,"R:\\Other\\Programming\\Javascript\\CBRA-base\\src\\pages\\Pokedex.jsx": {"path":"R:\\Other\\Programming\\Javascript\\CBRA-base\\src\\pages\\Pokedex.jsx","statementMap":{"0":{"start":{"line":15,"column":18},"end":{"line":15,"column":27}},"1":{"start":{"line":18,"column":16},"end":{"line":70,"column":1}},"2":{"start":{"line":32,"column":2},"end":{"line":41,"column":9}},"3":{"start":{"line":33,"column":4},"end":{"line":36,"column":5}},"4":{"start":{"line":34,"column":6},"end":{"line":34,"column":21}},"5":{"start":{"line":35,"column":6},"end":{"line":35,"column":20}},"6":{"start":{"line":37,"column":4},"end":{"line":39,"column":5}},"7":{"start":{"line":38,"column":6},"end":{"line":38,"column":18}},"8":{"start":{"line":43,"column":2},"end":{"line":57,"column":4}},"9":{"start":{"line":44,"column":10},"end":{"line":54,"column":5}},"10":{"start":{"line":45,"column":6},"end":{"line":47,"column":7}},"11":{"start":{"line":46,"column":8},"end":{"line":46,"column":26}},"12":{"start":{"line":48,"column":6},"end":{"line":50,"column":7}},"13":{"start":{"line":49,"column":8},"end":{"line":49,"column":29}},"14":{"start":{"line":51,"column":6},"end":{"line":53,"column":7}},"15":{"start":{"line":52,"column":8},"end":{"line":52,"column":25}},"16":{"start":{"line":59,"column":2},"end":{"line":69,"column":4}},"17":{"start":{"line":72,"column":0},"end":{"line":85,"column":2}}},"fnMap":{"0":{"name":"(anonymous_0)","decl":{"start":{"line":18,"column":16},"end":{"line":18,"column":17}},"loc":{"start":{"line":31,"column":6},"end":{"line":70,"column":1}},"line":31},"1":{"name":"(anonymous_1)","decl":{"start":{"line":32,"column":12},"end":{"line":32,"column":13}},"loc":{"start":{"line":32,"column":18},"end":{"line":41,"column":3}},"line":32},"2":{"name":"(anonymous_2)","decl":{"start":{"line":44,"column":4},"end":{"line":44,"column":5}},"loc":{"start":{"line":44,"column":10},"end":{"line":54,"column":5}},"line":44},"3":{"name":"(anonymous_3)","decl":{"start":{"line":44,"column":10},"end":{"line":44,"column":11}},"loc":{"start":{"line":44,"column":16},"end":{"line":54,"column":5}},"line":44}},"branchMap":{"0":{"loc":{"start":{"line":33,"column":4},"end":{"line":36,"column":5}},"type":"if","locations":[{"start":{"line":33,"column":4},"end":{"line":36,"column":5}},{"start":{"line":33,"column":4},"end":{"line":36,"column":5}}],"line":33},"1":{"loc":{"start":{"line":33,"column":8},"end":{"line":33,"column":44}},"type":"binary-expr","locations":[{"start":{"line":33,"column":8},"end":{"line":33,"column":19}},{"start":{"line":33,"column":23},"end":{"line":33,"column":44}}],"line":33},"2":{"loc":{"start":{"line":37,"column":4},"end":{"line":39,"column":5}},"type":"if","locations":[{"start":{"line":37,"column":4},"end":{"line":39,"column":5}},{"start":{"line":37,"column":4},"end":{"line":39,"column":5}}],"line":37},"3":{"loc":{"start":{"line":37,"column":8},"end":{"line":37,"column":42}},"type":"binary-expr","locations":[{"start":{"line":37,"column":8},"end":{"line":37,"column":20}},{"start":{"line":37,"column":24},"end":{"line":37,"column":42}}],"line":37},"4":{"loc":{"start":{"line":45,"column":6},"end":{"line":47,"column":7}},"type":"if","locations":[{"start":{"line":45,"column":6},"end":{"line":47,"column":7}},{"start":{"line":45,"column":6},"end":{"line":47,"column":7}}],"line":45},"5":{"loc":{"start":{"line":48,"column":6},"end":{"line":50,"column":7}},"type":"if","locations":[{"start":{"line":48,"column":6},"end":{"line":50,"column":7}},{"start":{"line":48,"column":6},"end":{"line":50,"column":7}}],"line":48},"6":{"loc":{"start":{"line":51,"column":6},"end":{"line":53,"column":7}},"type":"if","locations":[{"start":{"line":51,"column":6},"end":{"line":53,"column":7}},{"start":{"line":51,"column":6},"end":{"line":53,"column":7}}],"line":51}},"s":{"0":0,"1":0,"2":0,"3":0,"4":0,"5":0,"6":0,"7":0,"8":0,"9":0,"10":0,"11":0,"12":0,"13":0,"14":0,"15":0,"16":0,"17":0},"f":{"0":0,"1":0,"2":0,"3":0},"b":{"0":[0,0],"1":[0,0],"2":[0,0],"3":[0,0],"4":[0,0],"5":[0,0],"6":[0,0]},"hash":"86a75db94079d4707968ab6813ef543f55544779"}
,"R:\\Other\\Programming\\Javascript\\CBRA-base\\src\\pages\\pokedex\\Details.jsx": {"path":"R:\\Other\\Programming\\Javascript\\CBRA-base\\src\\pages\\pokedex\\Details.jsx","statementMap":{"0":{"start":{"line":15,"column":18},"end":{"line":15,"column":27}},"1":{"start":{"line":18,"column":16},"end":{"line":83,"column":1}},"2":{"start":{"line":25,"column":18},"end":{"line":25,"column":42}},"3":{"start":{"line":26,"column":15},"end":{"line":26,"column":36}},"4":{"start":{"line":27,"column":17},"end":{"line":27,"column":40}},"5":{"start":{"line":28,"column":17},"end":{"line":28,"column":40}},"6":{"start":{"line":29,"column":16},"end":{"line":29,"column":36}},"7":{"start":{"line":30,"column":20},"end":{"line":30,"column":39}},"8":{"start":{"line":31,"column":16},"end":{"line":31,"column":36}},"9":{"start":{"line":32,"column":16},"end":{"line":32,"column":36}},"10":{"start":{"line":33,"column":20},"end":{"line":33,"column":44}},"11":{"start":{"line":35,"column":2},"end":{"line":39,"column":30}},"12":{"start":{"line":36,"column":4},"end":{"line":38,"column":5}},"13":{"start":{"line":37,"column":6},"end":{"line":37,"column":21}},"14":{"start":{"line":41,"column":2},"end":{"line":49,"column":4}},"15":{"start":{"line":42,"column":10},"end":{"line":46,"column":5}},"16":{"start":{"line":43,"column":6},"end":{"line":45,"column":7}},"17":{"start":{"line":44,"column":8},"end":{"line":44,"column":29}},"18":{"start":{"line":51,"column":2},"end":{"line":82,"column":4}},"19":{"start":{"line":85,"column":0},"end":{"line":91,"column":2}}},"fnMap":{"0":{"name":"(anonymous_0)","decl":{"start":{"line":18,"column":16},"end":{"line":18,"column":17}},"loc":{"start":{"line":24,"column":6},"end":{"line":83,"column":1}},"line":24},"1":{"name":"(anonymous_1)","decl":{"start":{"line":35,"column":12},"end":{"line":35,"column":13}},"loc":{"start":{"line":35,"column":18},"end":{"line":39,"column":3}},"line":35},"2":{"name":"(anonymous_2)","decl":{"start":{"line":42,"column":4},"end":{"line":42,"column":5}},"loc":{"start":{"line":42,"column":10},"end":{"line":46,"column":5}},"line":42},"3":{"name":"(anonymous_3)","decl":{"start":{"line":42,"column":10},"end":{"line":42,"column":11}},"loc":{"start":{"line":42,"column":16},"end":{"line":46,"column":5}},"line":42}},"branchMap":{"0":{"loc":{"start":{"line":25,"column":18},"end":{"line":25,"column":42}},"type":"binary-expr","locations":[{"start":{"line":25,"column":18},"end":{"line":25,"column":34}},{"start":{"line":25,"column":38},"end":{"line":25,"column":42}}],"line":25},"1":{"loc":{"start":{"line":26,"column":15},"end":{"line":26,"column":36}},"type":"binary-expr","locations":[{"start":{"line":26,"column":15},"end":{"line":26,"column":28}},{"start":{"line":26,"column":32},"end":{"line":26,"column":36}}],"line":26},"2":{"loc":{"start":{"line":27,"column":17},"end":{"line":27,"column":40}},"type":"binary-expr","locations":[{"start":{"line":27,"column":17},"end":{"line":27,"column":32}},{"start":{"line":27,"column":36},"end":{"line":27,"column":40}}],"line":27},"3":{"loc":{"start":{"line":28,"column":17},"end":{"line":28,"column":40}},"type":"binary-expr","locations":[{"start":{"line":28,"column":17},"end":{"line":28,"column":32}},{"start":{"line":28,"column":36},"end":{"line":28,"column":40}}],"line":28},"4":{"loc":{"start":{"line":29,"column":16},"end":{"line":29,"column":36}},"type":"binary-expr","locations":[{"start":{"line":29,"column":16},"end":{"line":29,"column":30}},{"start":{"line":29,"column":34},"end":{"line":29,"column":36}}],"line":29},"5":{"loc":{"start":{"line":30,"column":20},"end":{"line":30,"column":39}},"type":"binary-expr","locations":[{"start":{"line":30,"column":20},"end":{"line":30,"column":31}},{"start":{"line":30,"column":35},"end":{"line":30,"column":39}}],"line":30},"6":{"loc":{"start":{"line":31,"column":16},"end":{"line":31,"column":36}},"type":"binary-expr","locations":[{"start":{"line":31,"column":16},"end":{"line":31,"column":30}},{"start":{"line":31,"column":34},"end":{"line":31,"column":36}}],"line":31},"7":{"loc":{"start":{"line":32,"column":16},"end":{"line":32,"column":36}},"type":"binary-expr","locations":[{"start":{"line":32,"column":16},"end":{"line":32,"column":30}},{"start":{"line":32,"column":34},"end":{"line":32,"column":36}}],"line":32},"8":{"loc":{"start":{"line":33,"column":20},"end":{"line":33,"column":44}},"type":"binary-expr","locations":[{"start":{"line":33,"column":20},"end":{"line":33,"column":38}},{"start":{"line":33,"column":42},"end":{"line":33,"column":44}}],"line":33},"9":{"loc":{"start":{"line":36,"column":4},"end":{"line":38,"column":5}},"type":"if","locations":[{"start":{"line":36,"column":4},"end":{"line":38,"column":5}},{"start":{"line":36,"column":4},"end":{"line":38,"column":5}}],"line":36},"10":{"loc":{"start":{"line":36,"column":8},"end":{"line":36,"column":34}},"type":"binary-expr","locations":[{"start":{"line":36,"column":8},"end":{"line":36,"column":15}},{"start":{"line":36,"column":19},"end":{"line":36,"column":34}}],"line":36},"11":{"loc":{"start":{"line":43,"column":6},"end":{"line":45,"column":7}},"type":"if","locations":[{"start":{"line":43,"column":6},"end":{"line":45,"column":7}},{"start":{"line":43,"column":6},"end":{"line":45,"column":7}}],"line":43}},"s":{"0":1,"1":1,"2":1,"3":1,"4":1,"5":1,"6":1,"7":1,"8":1,"9":1,"10":1,"11":1,"12":1,"13":1,"14":1,"15":1,"16":1,"17":0,"18":1,"19":1},"f":{"0":1,"1":1,"2":1,"3":1},"b":{"0":[1,1],"1":[1,1],"2":[1,1],"3":[1,1],"4":[1,1],"5":[1,1],"6":[1,1],"7":[1,1],"8":[1,1],"9":[1,0],"10":[1,1],"11":[0,1]},"_coverageSchema":"43e27e138ebf9cfc5966b082cf9a028302ed4184","hash":"5420aefc4f97f07094e561b563c1a2038e93de77"}
,"R:\\Other\\Programming\\Javascript\\CBRA-base\\src\\pages\\pokedex\\Hinge.jsx": {"path":"R:\\Other\\Programming\\Javascript\\CBRA-base\\src\\pages\\pokedex\\Hinge.jsx","statementMap":{"0":{"start":{"line":8,"column":18},"end":{"line":8,"column":25}},"1":{"start":{"line":11,"column":14},"end":{"line":25,"column":1}},"2":{"start":{"line":12,"column":2},"end":{"line":24,"column":8}},"3":{"start":{"line":27,"column":0},"end":{"line":30,"column":2}},"4":{"start":{"line":32,"column":0},"end":{"line":34,"column":2}}},"fnMap":{"0":{"name":"(anonymous_0)","decl":{"start":{"line":11,"column":14},"end":{"line":11,"column":15}},"loc":{"start":{"line":12,"column":2},"end":{"line":24,"column":8}},"line":12}},"branchMap":{"0":{"loc":{"start":{"line":14,"column":45},"end":{"line":14,"column":62}},"type":"cond-expr","locations":[{"start":{"line":14,"column":51},"end":{"line":14,"column":57}},{"start":{"line":14,"column":60},"end":{"line":14,"column":62}}],"line":14}},"s":{"0":1,"1":1,"2":2,"3":1,"4":1},"f":{"0":2},"b":{"0":[1,1]},"_coverageSchema":"43e27e138ebf9cfc5966b082cf9a028302ed4184","hash":"633cf9469549981d752a78142cfd4657235e8499"}
,"R:\\Other\\Programming\\Javascript\\CBRA-base\\src\\pages\\pokedex\\List.jsx": {"path":"R:\\Other\\Programming\\Javascript\\CBRA-base\\src\\pages\\pokedex\\List.jsx","statementMap":{"0":{"start":{"line":12,"column":18},"end":{"line":12,"column":24}},"1":{"start":{"line":15,"column":13},"end":{"line":68,"column":1}},"2":{"start":{"line":22,"column":41},"end":{"line":22,"column":55}},"3":{"start":{"line":23,"column":31},"end":{"line":25,"column":3}},"4":{"start":{"line":24,"column":4},"end":{"line":24,"column":28}},"5":{"start":{"line":26,"column":19},"end":{"line":26,"column":46}},"6":{"start":{"line":27,"column":2},"end":{"line":67,"column":4}},"7":{"start":{"line":39,"column":14},"end":{"line":39,"column":50}},"8":{"start":{"line":39,"column":38},"end":{"line":39,"column":50}},"9":{"start":{"line":40,"column":26},"end":{"line":40,"column":33}},"10":{"start":{"line":41,"column":31},"end":{"line":41,"column":48}},"11":{"start":{"line":42,"column":14},"end":{"line":62,"column":16}},"12":{"start":{"line":49,"column":35},"end":{"line":49,"column":53}},"13":{"start":{"line":50,"column":37},"end":{"line":50,"column":55}},"14":{"start":{"line":70,"column":0},"end":{"line":76,"column":2}},"15":{"start":{"line":78,"column":0},"end":{"line":80,"column":2}}},"fnMap":{"0":{"name":"(anonymous_0)","decl":{"start":{"line":15,"column":13},"end":{"line":15,"column":14}},"loc":{"start":{"line":21,"column":6},"end":{"line":68,"column":1}},"line":21},"1":{"name":"(anonymous_1)","decl":{"start":{"line":23,"column":31},"end":{"line":23,"column":32}},"loc":{"start":{"line":23,"column":42},"end":{"line":25,"column":3}},"line":23},"2":{"name":"(anonymous_2)","decl":{"start":{"line":38,"column":31},"end":{"line":38,"column":32}},"loc":{"start":{"line":38,"column":42},"end":{"line":63,"column":13}},"line":38},"3":{"name":"(anonymous_3)","decl":{"start":{"line":49,"column":29},"end":{"line":49,"column":30}},"loc":{"start":{"line":49,"column":35},"end":{"line":49,"column":53}},"line":49},"4":{"name":"(anonymous_4)","decl":{"start":{"line":50,"column":31},"end":{"line":50,"column":32}},"loc":{"start":{"line":50,"column":37},"end":{"line":50,"column":55}},"line":50}},"branchMap":{"0":{"loc":{"start":{"line":26,"column":19},"end":{"line":26,"column":46}},"type":"binary-expr","locations":[{"start":{"line":26,"column":19},"end":{"line":26,"column":31}},{"start":{"line":26,"column":35},"end":{"line":26,"column":46}}],"line":26},"1":{"loc":{"start":{"line":37,"column":11},"end":{"line":63,"column":14}},"type":"binary-expr","locations":[{"start":{"line":37,"column":11},"end":{"line":37,"column":24}},{"start":{"line":38,"column":12},"end":{"line":63,"column":14}}],"line":37},"2":{"loc":{"start":{"line":39,"column":14},"end":{"line":39,"column":50}},"type":"if","locations":[{"start":{"line":39,"column":14},"end":{"line":39,"column":50}},{"start":{"line":39,"column":14},"end":{"line":39,"column":50}}],"line":39}},"s":{"0":1,"1":1,"2":2,"3":2,"4":2,"5":2,"6":2,"7":1,"8":0,"9":1,"10":1,"11":1,"12":0,"13":0,"14":1,"15":1},"f":{"0":2,"1":2,"2":1,"3":0,"4":0},"b":{"0":[2,2],"1":[2,1],"2":[0,1]},"_coverageSchema":"43e27e138ebf9cfc5966b082cf9a028302ed4184","hash":"739848d8a908abeb06acbb7479bd7daf2411b378"}
,"R:\\Other\\Programming\\Javascript\\CBRA-base\\src\\pages\\pokedex\\Regions.jsx": {"path":"R:\\Other\\Programming\\Javascript\\CBRA-base\\src\\pages\\pokedex\\Regions.jsx","statementMap":{"0":{"start":{"line":11,"column":18},"end":{"line":11,"column":27}},"1":{"start":{"line":12,"column":19},"end":{"line":22,"column":1}},"2":{"start":{"line":25,"column":16},"end":{"line":111,"column":1}},"3":{"start":{"line":33,"column":23},"end":{"line":33,"column":54}},"4":{"start":{"line":34,"column":24},"end":{"line":39,"column":3}},"5":{"start":{"line":35,"column":4},"end":{"line":37,"column":5}},"6":{"start":{"line":36,"column":6},"end":{"line":36,"column":22}},"7":{"start":{"line":38,"column":4},"end":{"line":38,"column":24}},"8":{"start":{"line":40,"column":2},"end":{"line":110,"column":4}},"9":{"start":{"line":79,"column":14},"end":{"line":105,"column":30}},"10":{"start":{"line":96,"column":35},"end":{"line":96,"column":55}},"11":{"start":{"line":97,"column":37},"end":{"line":97,"column":57}},"12":{"start":{"line":113,"column":0},"end":{"line":120,"column":2}},"13":{"start":{"line":122,"column":0},"end":{"line":124,"column":2}}},"fnMap":{"0":{"name":"(anonymous_0)","decl":{"start":{"line":25,"column":16},"end":{"line":25,"column":17}},"loc":{"start":{"line":32,"column":6},"end":{"line":111,"column":1}},"line":32},"1":{"name":"(anonymous_1)","decl":{"start":{"line":34,"column":24},"end":{"line":34,"column":25}},"loc":{"start":{"line":34,"column":33},"end":{"line":39,"column":3}},"line":34},"2":{"name":"(anonymous_2)","decl":{"start":{"line":69,"column":25},"end":{"line":69,"column":26}},"loc":{"start":{"line":69,"column":31},"end":{"line":69,"column":33}},"line":69},"3":{"name":"(anonymous_3)","decl":{"start":{"line":70,"column":27},"end":{"line":70,"column":28}},"loc":{"start":{"line":70,"column":33},"end":{"line":70,"column":35}},"line":70},"4":{"name":"(anonymous_4)","decl":{"start":{"line":78,"column":24},"end":{"line":78,"column":25}},"loc":{"start":{"line":79,"column":14},"end":{"line":105,"column":30}},"line":79},"5":{"name":"(anonymous_5)","decl":{"start":{"line":96,"column":29},"end":{"line":96,"column":30}},"loc":{"start":{"line":96,"column":35},"end":{"line":96,"column":55}},"line":96},"6":{"name":"(anonymous_6)","decl":{"start":{"line":97,"column":31},"end":{"line":97,"column":32}},"loc":{"start":{"line":97,"column":37},"end":{"line":97,"column":57}},"line":97}},"branchMap":{"0":{"loc":{"start":{"line":33,"column":23},"end":{"line":33,"column":54}},"type":"binary-expr","locations":[{"start":{"line":33,"column":23},"end":{"line":33,"column":46}},{"start":{"line":33,"column":50},"end":{"line":33,"column":54}}],"line":33},"1":{"loc":{"start":{"line":35,"column":4},"end":{"line":37,"column":5}},"type":"if","locations":[{"start":{"line":35,"column":4},"end":{"line":37,"column":5}},{"start":{"line":35,"column":4},"end":{"line":37,"column":5}}],"line":35},"2":{"loc":{"start":{"line":64,"column":11},"end":{"line":76,"column":11}},"type":"binary-expr","locations":[{"start":{"line":64,"column":11},"end":{"line":64,"column":22}},{"start":{"line":65,"column":12},"end":{"line":75,"column":18}}],"line":64},"3":{"loc":{"start":{"line":77,"column":11},"end":{"line":106,"column":14}},"type":"binary-expr","locations":[{"start":{"line":77,"column":11},"end":{"line":77,"column":23}},{"start":{"line":78,"column":12},"end":{"line":106,"column":14}}],"line":77},"4":{"loc":{"start":{"line":89,"column":20},"end":{"line":89,"column":48}},"type":"cond-expr","locations":[{"start":{"line":89,"column":34},"end":{"line":89,"column":43}},{"start":{"line":89,"column":46},"end":{"line":89,"column":48}}],"line":89},"5":{"loc":{"start":{"line":99,"column":22},"end":{"line":99,"column":60}},"type":"cond-expr","locations":[{"start":{"line":99,"column":46},"end":{"line":99,"column":55}},{"start":{"line":99,"column":58},"end":{"line":99,"column":60}}],"line":99}},"s":{"0":1,"1":1,"2":1,"3":4,"4":4,"5":1,"6":0,"7":1,"8":4,"9":4,"10":1,"11":0,"12":1,"13":1},"f":{"0":4,"1":1,"2":0,"3":0,"4":4,"5":1,"6":0},"b":{"0":[4,2],"1":[0,1],"2":[4,2],"3":[4,2],"4":[2,2],"5":[2,2]},"_coverageSchema":"43e27e138ebf9cfc5966b082cf9a028302ed4184","hash":"c38c3fc54552c93fb786fc61a8ffc0f9d5f6b554"}
,"R:\\Other\\Programming\\Javascript\\CBRA-base\\src\\pages\\pokedex\\details\\Abilities.jsx": {"path":"R:\\Other\\Programming\\Javascript\\CBRA-base\\src\\pages\\pokedex\\details\\Abilities.jsx","statementMap":{"0":{"start":{"line":6,"column":18},"end":{"line":6,"column":29}},"1":{"start":{"line":9,"column":18},"end":{"line":28,"column":1}},"2":{"start":{"line":10,"column":2},"end":{"line":27,"column":8}},"3":{"start":{"line":15,"column":10},"end":{"line":18,"column":15}},"4":{"start":{"line":21,"column":10},"end":{"line":23,"column":15}},"5":{"start":{"line":30,"column":0},"end":{"line":34,"column":2}},"6":{"start":{"line":36,"column":0},"end":{"line":39,"column":2}}},"fnMap":{"0":{"name":"(anonymous_0)","decl":{"start":{"line":9,"column":18},"end":{"line":9,"column":19}},"loc":{"start":{"line":10,"column":2},"end":{"line":27,"column":8}},"line":10},"1":{"name":"(anonymous_1)","decl":{"start":{"line":14,"column":23},"end":{"line":14,"column":24}},"loc":{"start":{"line":15,"column":10},"end":{"line":18,"column":15}},"line":15},"2":{"name":"(anonymous_2)","decl":{"start":{"line":20,"column":19},"end":{"line":20,"column":20}},"loc":{"start":{"line":21,"column":10},"end":{"line":23,"column":15}},"line":21}},"branchMap":{},"s":{"0":2,"1":2,"2":4,"3":1,"4":1,"5":2,"6":2},"f":{"0":4,"1":1,"2":1},"b":{},"_coverageSchema":"43e27e138ebf9cfc5966b082cf9a028302ed4184","hash":"ef6ca31ace4fa5af02b84e2cea5606d7a8793a34"}
,"R:\\Other\\Programming\\Javascript\\CBRA-base\\src\\pages\\pokedex\\details\\BaseStats.jsx": {"path":"R:\\Other\\Programming\\Javascript\\CBRA-base\\src\\pages\\pokedex\\details\\BaseStats.jsx","statementMap":{"0":{"start":{"line":6,"column":18},"end":{"line":6,"column":24}},"1":{"start":{"line":9,"column":18},"end":{"line":32,"column":1}},"2":{"start":{"line":10,"column":2},"end":{"line":31,"column":8}},"3":{"start":{"line":25,"column":10},"end":{"line":27,"column":16}},"4":{"start":{"line":34,"column":0},"end":{"line":39,"column":2}},"5":{"start":{"line":41,"column":0},"end":{"line":43,"column":2}}},"fnMap":{"0":{"name":"(anonymous_0)","decl":{"start":{"line":9,"column":18},"end":{"line":9,"column":19}},"loc":{"start":{"line":10,"column":2},"end":{"line":31,"column":8}},"line":10},"1":{"name":"(anonymous_1)","decl":{"start":{"line":24,"column":19},"end":{"line":24,"column":20}},"loc":{"start":{"line":25,"column":10},"end":{"line":27,"column":16}},"line":25}},"branchMap":{},"s":{"0":2,"1":2,"2":4,"3":1,"4":2,"5":2},"f":{"0":4,"1":1},"b":{},"_coverageSchema":"43e27e138ebf9cfc5966b082cf9a028302ed4184","hash":"37e99464efb05c92f30da02d931a2f4ecdfbd96e"}
,"R:\\Other\\Programming\\Javascript\\CBRA-base\\src\\pages\\pokedex\\details\\Image.jsx": {"path":"R:\\Other\\Programming\\Javascript\\CBRA-base\\src\\pages\\pokedex\\details\\Image.jsx","statementMap":{"0":{"start":{"line":8,"column":18},"end":{"line":8,"column":25}},"1":{"start":{"line":13,"column":14},"end":{"line":74,"column":1}},"2":{"start":{"line":14,"column":43},"end":{"line":14,"column":58}},"3":{"start":{"line":15,"column":47},"end":{"line":15,"column":62}},"4":{"start":{"line":17,"column":19},"end":{"line":17,"column":52}},"5":{"start":{"line":18,"column":21},"end":{"line":18,"column":53}},"6":{"start":{"line":19,"column":20},"end":{"line":19,"column":54}},"7":{"start":{"line":20,"column":22},"end":{"line":20,"column":55}},"8":{"start":{"line":22,"column":34},"end":{"line":24,"column":3}},"9":{"start":{"line":23,"column":4},"end":{"line":23,"column":37}},"10":{"start":{"line":23,"column":30},"end":{"line":23,"column":35}},"11":{"start":{"line":26,"column":36},"end":{"line":28,"column":3}},"12":{"start":{"line":27,"column":4},"end":{"line":27,"column":29}},"13":{"start":{"line":30,"column":2},"end":{"line":73,"column":4}},"14":{"start":{"line":36,"column":25},"end":{"line":36,"column":57}},"15":{"start":{"line":44,"column":25},"end":{"line":44,"column":56}},"16":{"start":{"line":76,"column":0},"end":{"line":80,"column":2}}},"fnMap":{"0":{"name":"(anonymous_0)","decl":{"start":{"line":13,"column":14},"end":{"line":13,"column":15}},"loc":{"start":{"line":13,"column":49},"end":{"line":74,"column":1}},"line":13},"1":{"name":"(anonymous_1)","decl":{"start":{"line":22,"column":34},"end":{"line":22,"column":35}},"loc":{"start":{"line":22,"column":40},"end":{"line":24,"column":3}},"line":22},"2":{"name":"(anonymous_2)","decl":{"start":{"line":23,"column":22},"end":{"line":23,"column":23}},"loc":{"start":{"line":23,"column":30},"end":{"line":23,"column":35}},"line":23},"3":{"name":"(anonymous_3)","decl":{"start":{"line":26,"column":36},"end":{"line":26,"column":37}},"loc":{"start":{"line":26,"column":43},"end":{"line":28,"column":3}},"line":26},"4":{"name":"(anonymous_4)","decl":{"start":{"line":36,"column":19},"end":{"line":36,"column":20}},"loc":{"start":{"line":36,"column":25},"end":{"line":36,"column":57}},"line":36},"5":{"name":"(anonymous_5)","decl":{"start":{"line":44,"column":19},"end":{"line":44,"column":20}},"loc":{"start":{"line":44,"column":25},"end":{"line":44,"column":56}},"line":44}},"branchMap":{"0":{"loc":{"start":{"line":17,"column":19},"end":{"line":17,"column":52}},"type":"binary-expr","locations":[{"start":{"line":17,"column":19},"end":{"line":17,"column":44}},{"start":{"line":17,"column":48},"end":{"line":17,"column":52}}],"line":17},"1":{"loc":{"start":{"line":18,"column":21},"end":{"line":18,"column":53}},"type":"binary-expr","locations":[{"start":{"line":18,"column":21},"end":{"line":18,"column":45}},{"start":{"line":18,"column":49},"end":{"line":18,"column":53}}],"line":18},"2":{"loc":{"start":{"line":19,"column":20},"end":{"line":19,"column":54}},"type":"binary-expr","locations":[{"start":{"line":19,"column":20},"end":{"line":19,"column":46}},{"start":{"line":19,"column":50},"end":{"line":19,"column":54}}],"line":19},"3":{"loc":{"start":{"line":20,"column":22},"end":{"line":20,"column":55}},"type":"binary-expr","locations":[{"start":{"line":20,"column":22},"end":{"line":20,"column":47}},{"start":{"line":20,"column":51},"end":{"line":20,"column":55}}],"line":20},"4":{"loc":{"start":{"line":34,"column":20},"end":{"line":34,"column":43}},"type":"binary-expr","locations":[{"start":{"line":34,"column":20},"end":{"line":34,"column":30}},{"start":{"line":34,"column":34},"end":{"line":34,"column":43}}],"line":34},"5":{"loc":{"start":{"line":42,"column":20},"end":{"line":42,"column":47}},"type":"binary-expr","locations":[{"start":{"line":42,"column":20},"end":{"line":42,"column":32}},{"start":{"line":42,"column":36},"end":{"line":42,"column":47}}],"line":42},"6":{"loc":{"start":{"line":50,"column":7},"end":{"line":56,"column":7}},"type":"binary-expr","locations":[{"start":{"line":50,"column":7},"end":{"line":50,"column":14}},{"start":{"line":50,"column":18},"end":{"line":50,"column":31}},{"start":{"line":51,"column":8},"end":{"line":55,"column":10}}],"line":50},"7":{"loc":{"start":{"line":53,"column":15},"end":{"line":53,"column":53}},"type":"cond-expr","locations":[{"start":{"line":53,"column":29},"end":{"line":53,"column":39}},{"start":{"line":53,"column":42},"end":{"line":53,"column":53}}],"line":53},"8":{"loc":{"start":{"line":57,"column":7},"end":{"line":63,"column":7}},"type":"binary-expr","locations":[{"start":{"line":57,"column":7},"end":{"line":57,"column":14}},{"start":{"line":57,"column":18},"end":{"line":57,"column":32}},{"start":{"line":58,"column":8},"end":{"line":62,"column":10}}],"line":57},"9":{"loc":{"start":{"line":60,"column":15},"end":{"line":60,"column":50}},"type":"cond-expr","locations":[{"start":{"line":60,"column":30},"end":{"line":60,"column":39}},{"start":{"line":60,"column":42},"end":{"line":60,"column":50}}],"line":60},"10":{"loc":{"start":{"line":67,"column":20},"end":{"line":67,"column":48}},"type":"binary-expr","locations":[{"start":{"line":67,"column":20},"end":{"line":67,"column":28}},{"start":{"line":67,"column":32},"end":{"line":67,"column":48}}],"line":67}},"s":{"0":2,"1":2,"2":3,"3":3,"4":3,"5":3,"6":3,"7":3,"8":3,"9":0,"10":0,"11":3,"12":0,"13":3,"14":0,"15":0,"16":2},"f":{"0":3,"1":0,"2":0,"3":0,"4":0,"5":0},"b":{"0":[3,2],"1":[3,3],"2":[3,2],"3":[3,3],"4":[3,2],"5":[3,3],"6":[3,1,0],"7":[0,0],"8":[3,1,1],"9":[1,0],"10":[3,1]},"_coverageSchema":"43e27e138ebf9cfc5966b082cf9a028302ed4184","hash":"e773c7df97a27a9ac0d3e21cdb46bdaeabc24e37"}
,"R:\\Other\\Programming\\Javascript\\CBRA-base\\src\\pages\\pokedex\\details\\StatsDisplay.jsx": {"path":"R:\\Other\\Programming\\Javascript\\CBRA-base\\src\\pages\\pokedex\\details\\StatsDisplay.jsx","statementMap":{"0":{"start":{"line":8,"column":18},"end":{"line":8,"column":25}},"1":{"start":{"line":9,"column":15},"end":{"line":9,"column":68}},"2":{"start":{"line":11,"column":24},"end":{"line":21,"column":1}},"3":{"start":{"line":12,"column":20},"end":{"line":19,"column":3}},"4":{"start":{"line":13,"column":4},"end":{"line":15,"column":5}},"5":{"start":{"line":14,"column":6},"end":{"line":14,"column":31}},"6":{"start":{"line":16,"column":16},"end":{"line":16,"column":46}},"7":{"start":{"line":17,"column":16},"end":{"line":17,"column":54}},"8":{"start":{"line":18,"column":4},"end":{"line":18,"column":59}},"9":{"start":{"line":20,"column":2},"end":{"line":20,"column":25}},"10":{"start":{"line":24,"column":21},"end":{"line":52,"column":1}},"11":{"start":{"line":25,"column":2},"end":{"line":51,"column":8}},"12":{"start":{"line":28,"column":34},"end":{"line":28,"column":62}},"13":{"start":{"line":29,"column":8},"end":{"line":48,"column":10}},"14":{"start":{"line":33,"column":16},"end":{"line":38,"column":21}},"15":{"start":{"line":54,"column":0},"end":{"line":57,"column":2}},"16":{"start":{"line":59,"column":0},"end":{"line":61,"column":2}}},"fnMap":{"0":{"name":"(anonymous_0)","decl":{"start":{"line":11,"column":24},"end":{"line":11,"column":25}},"loc":{"start":{"line":11,"column":40},"end":{"line":21,"column":1}},"line":11},"1":{"name":"(anonymous_1)","decl":{"start":{"line":12,"column":20},"end":{"line":12,"column":21}},"loc":{"start":{"line":12,"column":27},"end":{"line":19,"column":3}},"line":12},"2":{"name":"(anonymous_2)","decl":{"start":{"line":24,"column":21},"end":{"line":24,"column":22}},"loc":{"start":{"line":25,"column":2},"end":{"line":51,"column":8}},"line":25},"3":{"name":"(anonymous_3)","decl":{"start":{"line":27,"column":17},"end":{"line":27,"column":18}},"loc":{"start":{"line":27,"column":74},"end":{"line":49,"column":7}},"line":27},"4":{"name":"(anonymous_4)","decl":{"start":{"line":32,"column":34},"end":{"line":32,"column":35}},"loc":{"start":{"line":33,"column":16},"end":{"line":38,"column":21}},"line":33}},"branchMap":{"0":{"loc":{"start":{"line":13,"column":4},"end":{"line":15,"column":5}},"type":"if","locations":[{"start":{"line":13,"column":4},"end":{"line":15,"column":5}},{"start":{"line":13,"column":4},"end":{"line":15,"column":5}}],"line":13},"1":{"loc":{"start":{"line":18,"column":11},"end":{"line":18,"column":58}},"type":"binary-expr","locations":[{"start":{"line":18,"column":12},"end":{"line":18,"column":15}},{"start":{"line":18,"column":19},"end":{"line":18,"column":34}},{"start":{"line":18,"column":39},"end":{"line":18,"column":58}}],"line":18}},"s":{"0":2,"1":2,"2":2,"3":3,"4":9,"5":0,"6":9,"7":9,"8":9,"9":3,"10":2,"11":5,"12":3,"13":3,"14":150,"15":2,"16":2},"f":{"0":3,"1":9,"2":5,"3":3,"4":150},"b":{"0":[0,9],"1":[9,3,6]},"_coverageSchema":"43e27e138ebf9cfc5966b082cf9a028302ed4184","hash":"fc21ce14ad952e2742615cd7033f6124124cfcfb"}
,"R:\\Other\\Programming\\Javascript\\CBRA-base\\src\\pages\\pokedex\\details\\Title.jsx": {"path":"R:\\Other\\Programming\\Javascript\\CBRA-base\\src\\pages\\pokedex\\details\\Title.jsx","statementMap":{"0":{"start":{"line":6,"column":18},"end":{"line":6,"column":25}},"1":{"start":{"line":9,"column":14},"end":{"line":20,"column":1}},"2":{"start":{"line":10,"column":2},"end":{"line":19,"column":8}},"3":{"start":{"line":22,"column":0},"end":{"line":26,"column":2}}},"fnMap":{"0":{"name":"(anonymous_0)","decl":{"start":{"line":9,"column":14},"end":{"line":9,"column":15}},"loc":{"start":{"line":10,"column":2},"end":{"line":19,"column":8}},"line":10}},"branchMap":{"0":{"loc":{"start":{"line":11,"column":57},"end":{"line":11,"column":74}},"type":"binary-expr","locations":[{"start":{"line":11,"column":57},"end":{"line":11,"column":59}},{"start":{"line":11,"column":63},"end":{"line":11,"column":74}}],"line":11},"1":{"loc":{"start":{"line":13,"column":7},"end":{"line":17,"column":7}},"type":"binary-expr","locations":[{"start":{"line":13,"column":7},"end":{"line":13,"column":9}},{"start":{"line":14,"column":8},"end":{"line":16,"column":11}}],"line":13}},"s":{"0":2,"1":2,"2":3,"3":2},"f":{"0":3},"b":{"0":[3,1],"1":[3,1]},"_coverageSchema":"43e27e138ebf9cfc5966b082cf9a028302ed4184","hash":"33fb24bceadf688bb98505cfa662e6404c6bdd70"}
,"R:\\Other\\Programming\\Javascript\\CBRA-base\\src\\pages\\pokedex\\list\\Filter.jsx": {"path":"R:\\Other\\Programming\\Javascript\\CBRA-base\\src\\pages\\pokedex\\list\\Filter.jsx","statementMap":{"0":{"start":{"line":10,"column":18},"end":{"line":10,"column":27}},"1":{"start":{"line":13,"column":15},"end":{"line":62,"column":1}},"2":{"start":{"line":14,"column":31},"end":{"line":14,"column":43}},"3":{"start":{"line":15,"column":34},"end":{"line":15,"column":52}},"4":{"start":{"line":17,"column":25},"end":{"line":28,"column":3}},"5":{"start":{"line":19,"column":28},"end":{"line":21,"column":56}},"6":{"start":{"line":21,"column":27},"end":{"line":21,"column":55}},"7":{"start":{"line":22,"column":6},"end":{"line":25,"column":9}},"8":{"start":{"line":30,"column":2},"end":{"line":39,"column":57}},"9":{"start":{"line":31,"column":4},"end":{"line":34,"column":5}},"10":{"start":{"line":32,"column":6},"end":{"line":32,"column":27}},"11":{"start":{"line":33,"column":6},"end":{"line":33,"column":21}},"12":{"start":{"line":35,"column":4},"end":{"line":38,"column":5}},"13":{"start":{"line":36,"column":6},"end":{"line":36,"column":44}},"14":{"start":{"line":37,"column":6},"end":{"line":37,"column":24}},"15":{"start":{"line":41,"column":2},"end":{"line":61,"column":4}},"16":{"start":{"line":58,"column":23},"end":{"line":58,"column":50}},"17":{"start":{"line":64,"column":0},"end":{"line":69,"column":2}}},"fnMap":{"0":{"name":"(anonymous_0)","decl":{"start":{"line":13,"column":15},"end":{"line":13,"column":16}},"loc":{"start":{"line":13,"column":71},"end":{"line":62,"column":1}},"line":13},"1":{"name":"(anonymous_1)","decl":{"start":{"line":18,"column":4},"end":{"line":18,"column":5}},"loc":{"start":{"line":18,"column":13},"end":{"line":26,"column":5}},"line":18},"2":{"name":"(anonymous_2)","decl":{"start":{"line":21,"column":16},"end":{"line":21,"column":17}},"loc":{"start":{"line":21,"column":27},"end":{"line":21,"column":55}},"line":21},"3":{"name":"(anonymous_3)","decl":{"start":{"line":30,"column":12},"end":{"line":30,"column":13}},"loc":{"start":{"line":30,"column":18},"end":{"line":39,"column":3}},"line":30},"4":{"name":"(anonymous_4)","decl":{"start":{"line":58,"column":18},"end":{"line":58,"column":19}},"loc":{"start":{"line":58,"column":23},"end":{"line":58,"column":50}},"line":58}},"branchMap":{"0":{"loc":{"start":{"line":31,"column":4},"end":{"line":34,"column":5}},"type":"if","locations":[{"start":{"line":31,"column":4},"end":{"line":34,"column":5}},{"start":{"line":31,"column":4},"end":{"line":34,"column":5}}],"line":31},"1":{"loc":{"start":{"line":35,"column":4},"end":{"line":38,"column":5}},"type":"if","locations":[{"start":{"line":35,"column":4},"end":{"line":38,"column":5}},{"start":{"line":35,"column":4},"end":{"line":38,"column":5}}],"line":35},"2":{"loc":{"start":{"line":46,"column":35},"end":{"line":46,"column":62}},"type":"cond-expr","locations":[{"start":{"line":46,"column":47},"end":{"line":46,"column":57}},{"start":{"line":46,"column":60},"end":{"line":46,"column":62}}],"line":46}},"s":{"0":2,"1":2,"2":3,"3":3,"4":3,"5":0,"6":0,"7":0,"8":3,"9":3,"10":3,"11":3,"12":3,"13":0,"14":0,"15":3,"16":0,"17":2},"f":{"0":3,"1":0,"2":0,"3":3,"4":0},"b":{"0":[3,0],"1":[0,3],"2":[0,3]},"_coverageSchema":"43e27e138ebf9cfc5966b082cf9a028302ed4184","hash":"59aecfc60c4abaa9aa44268768e98d69fa27014d"}
}
